[2025-04-21 14:19:59,359: INFO: main: welcome to our custom log]
[2025-04-21 18:26:38,707: INFO: common: yaml file: config\config.yaml loaded successfully]
[2025-04-21 18:26:38,717: INFO: common: yaml file: params.yaml loaded successfully]
[2025-04-21 18:26:38,722: INFO: common: created directory at: artifacts]
[2025-04-21 18:26:38,724: INFO: common: created directory at: artifacts/data_ingestion]
[2025-04-21 18:26:38,727: INFO: 986331348: Downloading data from https://drive.google.com/file/d/1vlhZ5c7abUKF8xXERIw6m9Te8fW7ohw3/view?usp=sharing into file artifacts/data_ingestion/data.zip]
[2025-04-21 18:26:55,878: INFO: 986331348: Downloaded data from https://drive.google.com/file/d/1vlhZ5c7abUKF8xXERIw6m9Te8fW7ohw3/view?usp=sharing into file artifacts/data_ingestion/data.zip]
[2025-04-21 18:50:08,288: INFO: main: >>>>>> stage Data Ingestion stage started <<<<<<]
[2025-04-21 18:50:08,288: INFO: common: yaml file: config\config.yaml loaded successfully]
[2025-04-21 18:50:08,288: INFO: common: yaml file: params.yaml loaded successfully]
[2025-04-21 18:50:08,288: INFO: common: created directory at: artifacts]
[2025-04-21 18:50:08,288: INFO: common: created directory at: artifacts/data_ingestion]
[2025-04-21 18:50:08,288: INFO: data_ingestion: Downloading data from https://drive.google.com/file/d/1vlhZ5c7abUKF8xXERIw6m9Te8fW7ohw3/view?usp=sharing into file artifacts/data_ingestion/data.zip]
[2025-04-21 18:50:29,314: INFO: data_ingestion: Downloaded data from https://drive.google.com/file/d/1vlhZ5c7abUKF8xXERIw6m9Te8fW7ohw3/view?usp=sharing into file artifacts/data_ingestion/data.zip]
[2025-04-21 18:50:30,250: INFO: main: >>>>>> stage Data Ingestion stage completed <<<<<<

x==========x]
[2025-04-22 01:53:25,062: INFO: common: yaml file: config\config.yaml loaded successfully]
[2025-04-22 01:53:25,073: INFO: common: yaml file: params.yaml loaded successfully]
[2025-04-22 01:53:25,077: INFO: common: created directory at: artifacts]
[2025-04-22 01:53:49,719: INFO: common: yaml file: config\config.yaml loaded successfully]
[2025-04-22 01:53:49,725: INFO: common: yaml file: params.yaml loaded successfully]
[2025-04-22 01:53:49,727: INFO: common: created directory at: artifacts]
[2025-04-22 01:54:34,566: INFO: common: yaml file: config\config.yaml loaded successfully]
[2025-04-22 01:54:34,582: INFO: common: yaml file: params.yaml loaded successfully]
[2025-04-22 01:54:34,582: INFO: common: created directory at: artifacts]
[2025-04-22 01:54:51,101: INFO: common: yaml file: config\config.yaml loaded successfully]
[2025-04-22 01:55:36,320: INFO: common: yaml file: config\config.yaml loaded successfully]
[2025-04-22 01:55:36,320: INFO: common: yaml file: params.yaml loaded successfully]
[2025-04-22 01:55:36,338: INFO: common: created directory at: artifacts]
[2025-04-22 01:59:31,367: INFO: common: yaml file: config\config.yaml loaded successfully]
[2025-04-22 02:01:14,183: INFO: common: yaml file: config\config.yaml loaded successfully]
[2025-04-22 02:03:32,064: INFO: common: yaml file: config\config.yaml loaded successfully]
[2025-04-22 02:05:47,016: INFO: common: yaml file: config\config.yaml loaded successfully]
[2025-04-22 02:08:13,211: INFO: common: yaml file: config\config.yaml loaded successfully]
[2025-04-22 02:08:13,215: INFO: common: yaml file: params.yaml loaded successfully]
[2025-04-22 02:08:13,215: INFO: common: created directory at: artifacts]
[2025-04-22 02:09:03,521: INFO: common: yaml file: config\config.yaml loaded successfully]
[2025-04-22 02:09:03,525: INFO: common: yaml file: params.yaml loaded successfully]
[2025-04-22 02:09:03,528: INFO: common: created directory at: artifacts]
[2025-04-22 02:11:27,267: INFO: common: yaml file: config\config.yaml loaded successfully]
[2025-04-22 02:14:40,286: INFO: common: yaml file: config\config.yaml loaded successfully]
[2025-04-22 02:21:00,985: INFO: common: yaml file: config\config.yaml loaded successfully]
[2025-04-22 02:22:14,436: INFO: common: yaml file: config\config.yaml loaded successfully]
[2025-04-22 02:26:59,452: INFO: common: yaml file: config\config.yaml loaded successfully]
[2025-04-22 02:26:59,465: INFO: common: yaml file: params.yaml loaded successfully]
[2025-04-22 02:26:59,467: INFO: common: created directory at: artifacts]
[2025-04-22 02:28:29,024: INFO: common: yaml file: config\config.yaml loaded successfully]
[2025-04-22 02:28:29,028: INFO: common: yaml file: params.yaml loaded successfully]
[2025-04-22 02:28:29,030: INFO: common: created directory at: artifacts]
[2025-04-22 02:28:55,379: INFO: common: yaml file: config\config.yaml loaded successfully]
[2025-04-22 02:28:55,386: INFO: common: yaml file: params.yaml loaded successfully]
[2025-04-22 02:28:55,387: INFO: common: created directory at: artifacts]
[2025-04-22 02:34:28,826: INFO: common: yaml file: config\config.yaml loaded successfully]
[2025-04-22 02:34:28,841: INFO: common: yaml file: params.yaml loaded successfully]
[2025-04-22 02:34:28,848: INFO: common: created directory at: artifacts]
[2025-04-22 02:35:34,099: INFO: common: yaml file: config\config.yaml loaded successfully]
[2025-04-22 02:35:34,104: INFO: common: yaml file: params.yaml loaded successfully]
[2025-04-22 02:35:34,106: INFO: common: created directory at: artifacts]
[2025-04-22 02:35:43,086: INFO: common: yaml file: config\config.yaml loaded successfully]
[2025-04-22 02:35:43,094: INFO: common: yaml file: params.yaml loaded successfully]
[2025-04-22 02:35:43,099: INFO: common: created directory at: artifacts]
[2025-04-22 02:40:16,714: INFO: common: yaml file: config\config.yaml loaded successfully]
[2025-04-22 02:40:16,733: INFO: common: yaml file: params.yaml loaded successfully]
[2025-04-22 02:40:16,736: INFO: common: created directory at: artifacts]
[2025-04-22 02:42:24,058: INFO: common: yaml file: config\config.yaml loaded successfully]
[2025-04-22 02:42:24,064: INFO: common: yaml file: params.yaml loaded successfully]
[2025-04-22 02:42:24,066: INFO: common: created directory at: artifacts]
[2025-04-22 02:45:28,661: INFO: common: yaml file: config\config.yaml loaded successfully]
[2025-04-22 02:45:28,673: INFO: common: yaml file: params.yaml loaded successfully]
[2025-04-22 02:45:28,676: INFO: common: created directory at: artifacts]
[2025-04-22 02:46:24,372: INFO: common: yaml file: config\config.yaml loaded successfully]
[2025-04-22 02:46:24,375: INFO: common: yaml file: params.yaml loaded successfully]
[2025-04-22 02:46:24,378: INFO: common: created directory at: artifacts]
[2025-04-22 02:48:07,957: INFO: common: yaml file: config\config.yaml loaded successfully]
[2025-04-22 02:48:07,961: INFO: common: yaml file: params.yaml loaded successfully]
[2025-04-22 02:48:07,963: INFO: common: created directory at: artifacts]
[2025-04-22 02:49:32,221: INFO: common: yaml file: config\config.yaml loaded successfully]
[2025-04-22 02:49:32,224: INFO: common: yaml file: params.yaml loaded successfully]
[2025-04-22 02:49:32,227: INFO: common: created directory at: artifacts]
[2025-04-22 02:50:37,994: INFO: common: yaml file: config\config.yaml loaded successfully]
[2025-04-22 02:50:37,997: INFO: common: yaml file: params.yaml loaded successfully]
[2025-04-22 02:50:37,998: INFO: common: created directory at: artifacts]
[2025-04-22 02:50:44,097: INFO: common: yaml file: config\config.yaml loaded successfully]
[2025-04-22 02:51:20,301: INFO: common: yaml file: config\config.yaml loaded successfully]
[2025-04-22 02:51:27,852: INFO: common: yaml file: config\config.yaml loaded successfully]
[2025-04-22 02:51:29,507: INFO: common: yaml file: config\config.yaml loaded successfully]
[2025-04-22 02:51:30,609: INFO: common: yaml file: config\config.yaml loaded successfully]
[2025-04-22 02:51:31,652: INFO: common: yaml file: config\config.yaml loaded successfully]
[2025-04-22 16:46:14,653: INFO: common: yaml file: config\config.yaml loaded successfully]
[2025-04-22 16:46:14,663: INFO: common: yaml file: params.yaml loaded successfully]
[2025-04-22 16:46:14,666: INFO: common: created directory at: artifacts]
[2025-04-22 16:55:54,354: INFO: common: yaml file: config\config.yaml loaded successfully]
[2025-04-22 16:55:54,358: INFO: common: yaml file: params.yaml loaded successfully]
[2025-04-22 16:55:54,361: INFO: common: created directory at: artifacts]
[2025-04-22 18:20:50,540: INFO: common: yaml file: config\config.yaml loaded successfully]
[2025-04-22 18:20:50,549: INFO: common: yaml file: params.yaml loaded successfully]
[2025-04-22 18:20:50,552: INFO: common: created directory at: artifacts]
[2025-04-22 18:33:24,635: INFO: common: yaml file: config\config.yaml loaded successfully]
[2025-04-22 18:33:24,653: INFO: common: yaml file: params.yaml loaded successfully]
[2025-04-22 18:33:24,656: INFO: common: created directory at: artifacts]
[2025-04-22 18:36:05,047: INFO: common: yaml file: config\config.yaml loaded successfully]
[2025-04-22 18:36:05,047: INFO: common: yaml file: params.yaml loaded successfully]
[2025-04-22 18:36:05,062: INFO: common: created directory at: artifacts]
[2025-04-22 18:42:02,165: INFO: common: yaml file: config\config.yaml loaded successfully]
[2025-04-22 18:42:55,677: INFO: common: yaml file: config\config.yaml loaded successfully]
[2025-04-22 18:43:02,351: INFO: common: yaml file: config\config.yaml loaded successfully]
[2025-04-22 18:43:23,626: INFO: common: yaml file: config\config.yaml loaded successfully]
[2025-04-22 18:43:41,650: INFO: common: yaml file: config\config.yaml loaded successfully]
[2025-04-22 18:47:19,363: INFO: common: yaml file: config\config.yaml loaded successfully]
[2025-04-22 18:47:19,369: INFO: common: yaml file: params.yaml loaded successfully]
[2025-04-22 18:47:19,374: INFO: common: created directory at: artifacts]
[2025-04-22 18:53:26,583: INFO: common: yaml file: config\config.yaml loaded successfully]
[2025-04-22 18:53:26,601: INFO: common: yaml file: params.yaml loaded successfully]
[2025-04-22 18:53:26,603: INFO: common: created directory at: artifacts]
[2025-04-22 18:55:18,093: INFO: common: yaml file: config\config.yaml loaded successfully]
[2025-04-22 18:55:18,093: INFO: common: yaml file: params.yaml loaded successfully]
[2025-04-22 18:55:18,100: INFO: common: created directory at: artifacts]
[2025-04-22 19:25:42,107: INFO: common: yaml file: config\config.yaml loaded successfully]
[2025-04-22 19:25:42,107: INFO: common: yaml file: params.yaml loaded successfully]
[2025-04-22 19:25:42,122: INFO: common: created directory at: artifacts]
[2025-04-22 19:31:43,048: INFO: common: yaml file: config\config.yaml loaded successfully]
[2025-04-22 19:31:43,053: INFO: common: yaml file: params.yaml loaded successfully]
[2025-04-22 19:31:43,056: INFO: common: created directory at: artifacts]
[2025-04-22 19:31:43,057: INFO: common: created directory at: artifacts/prepare_base_model]
[2025-04-22 19:31:57,755: WARNING: saving_utils: Compiled the loaded model, but the compiled metrics have yet to be built. `model.compile_metrics` will be empty until you train or evaluate the model.]
[2025-04-22 21:40:58,565: INFO: main: >>>>>> stage Data Ingestion stage started <<<<<<]
[2025-04-22 21:40:58,565: INFO: common: yaml file: config\config.yaml loaded successfully]
[2025-04-22 21:40:58,565: INFO: common: yaml file: params.yaml loaded successfully]
[2025-04-22 21:40:58,582: INFO: common: created directory at: artifacts]
[2025-04-22 21:40:58,582: INFO: common: created directory at: artifacts/data_ingestion]
[2025-04-22 21:40:58,584: INFO: data_ingestion: Downloading data from https://drive.google.com/file/d/1vlhZ5c7abUKF8xXERIw6m9Te8fW7ohw3/view?usp=sharing into file artifacts/data_ingestion/data.zip]
[2025-04-22 21:41:16,050: INFO: data_ingestion: Downloaded data from https://drive.google.com/file/d/1vlhZ5c7abUKF8xXERIw6m9Te8fW7ohw3/view?usp=sharing into file artifacts/data_ingestion/data.zip]
[2025-04-22 21:41:16,850: INFO: main: >>>>>> stage Data Ingestion stage completed <<<<<<

x==========x]
[2025-04-22 21:41:16,850: INFO: main: *******************]
[2025-04-22 21:41:16,850: INFO: main: >>>>>> stage Prepare base model started <<<<<<]
[2025-04-22 21:41:16,850: INFO: common: yaml file: config\config.yaml loaded successfully]
[2025-04-22 21:41:16,850: INFO: common: yaml file: params.yaml loaded successfully]
[2025-04-22 21:41:16,850: INFO: common: created directory at: artifacts]
[2025-04-22 21:41:16,850: INFO: common: created directory at: artifacts/prepare_base_model]
[2025-04-22 21:41:17,475: WARNING: saving_utils: Compiled the loaded model, but the compiled metrics have yet to be built. `model.compile_metrics` will be empty until you train or evaluate the model.]
[2025-04-22 21:41:17,883: INFO: main: >>>>>> stage Prepare base model completed <<<<<<

x==========x]
[2025-04-23 01:00:51,637: INFO: common: yaml file: config\config.yaml loaded successfully]
[2025-04-23 01:00:51,649: INFO: common: yaml file: params.yaml loaded successfully]
[2025-04-23 01:00:51,653: INFO: common: created directory at: artifacts]
[2025-04-23 01:00:51,653: INFO: common: created directory at: artifacts\training]
[2025-04-23 01:24:59,185: INFO: main: >>>>>> stage Data Ingestion stage started <<<<<<]
[2025-04-23 01:24:59,189: INFO: common: yaml file: config\config.yaml loaded successfully]
[2025-04-23 01:24:59,195: INFO: common: yaml file: params.yaml loaded successfully]
[2025-04-23 01:24:59,197: INFO: common: created directory at: artifacts]
[2025-04-23 01:24:59,198: INFO: common: created directory at: artifacts/data_ingestion]
[2025-04-23 01:24:59,198: INFO: data_ingestion: Downloading data from https://drive.google.com/file/d/1vlhZ5c7abUKF8xXERIw6m9Te8fW7ohw3/view?usp=sharing into file artifacts/data_ingestion/data.zip]
[2025-04-23 01:25:20,358: INFO: data_ingestion: Downloaded data from https://drive.google.com/file/d/1vlhZ5c7abUKF8xXERIw6m9Te8fW7ohw3/view?usp=sharing into file artifacts/data_ingestion/data.zip]
[2025-04-23 01:25:21,232: INFO: main: >>>>>> stage Data Ingestion stage completed <<<<<<

x==========x]
[2025-04-23 01:25:21,237: INFO: main: *******************]
[2025-04-23 01:25:21,237: INFO: main: >>>>>> stage Prepare base model started <<<<<<]
[2025-04-23 01:25:21,237: INFO: common: yaml file: config\config.yaml loaded successfully]
[2025-04-23 01:25:21,237: INFO: common: yaml file: params.yaml loaded successfully]
[2025-04-23 01:25:21,237: INFO: common: created directory at: artifacts]
[2025-04-23 01:25:21,244: INFO: common: created directory at: artifacts/prepare_base_model]
[2025-04-23 01:25:22,117: WARNING: saving_utils: Compiled the loaded model, but the compiled metrics have yet to be built. `model.compile_metrics` will be empty until you train or evaluate the model.]
[2025-04-23 01:25:22,622: INFO: main: >>>>>> stage Prepare base model completed <<<<<<

x==========x]
[2025-04-23 01:25:22,622: INFO: main: *******************]
[2025-04-23 01:25:22,622: INFO: main: >>>>>> stage Training started <<<<<<]
[2025-04-23 01:25:22,622: INFO: common: yaml file: config\config.yaml loaded successfully]
[2025-04-23 01:25:22,627: INFO: common: yaml file: params.yaml loaded successfully]
[2025-04-23 01:25:22,627: INFO: common: created directory at: artifacts]
[2025-04-23 01:25:22,633: INFO: common: created directory at: artifacts\training]
[2025-04-23 01:27:04,394: INFO: main: >>>>>> stage Training completed <<<<<<

x==========x]
